-------------------------------------------------------------------------------
Test set: kasiedemo.demo2.WithAssertionsTest
-------------------------------------------------------------------------------
Tests run: 2, Failures: 1, Errors: 0, Skipped: 0, Time elapsed: 0.034 s <<< FAILURE! - in kasiedemo.demo2.WithAssertionsTest
firstAssertion  Time elapsed: 0.028 s  <<< FAILURE!
java.lang.AssertionError: expected:<1> but was:<2>
	at kasiedemo.demo2.WithAssertionsTest.firstAssertion(WithAssertionsTest.java:11)

