<?xml version="1.0" encoding="UTF-8"?>
<testsuite xmlns:xsi="http://www.w3.org/2001/XMLSchema-instance" xsi:noNamespaceSchemaLocation="https://maven.apache.org/surefire/maven-surefire-plugin/xsd/surefire-test-report.xsd" name="kasiedemo.demo2.WithConfigurationTest" time="0" tests="1" errors="1" skipped="0" failures="0">
  <properties>
[...]
</properties>
  <testcase name="kasiedemo.demo2.WithConfigurationTest" classname="kasiedemo.demo2.WithConfigurationTest" time="0">
    <error message="Cannot invoke &quot;String.toLowerCase()&quot; because the return value of &quot;java.lang.System.getProperty(String)&quot; is null" type="java.lang.NullPointerException">java.lang.NullPointerException: Cannot invoke "String.toLowerCase()" because the return value of "java.lang.System.getProperty(String)" is null
	at kasiedemo.demo2.WithConfigurationTest.beforeAll(WithConfigurationTest.java:19)
</error>
  </testcase>
</testsuite>